<?xml version="1.0" encoding="UTF-8"?>
<testsuite xmlns:xsi="http://www.w3.org/2001/XMLSchema-instance" xsi:noNamespaceSchemaLocation="https://maven.apache.org/surefire/maven-surefire-plugin/xsd/surefire-test-report.xsd" name="com.teste.TesteUnitario.TesteUnitarioApplicationTests" time="2.105" tests="2" errors="2" skipped="0" failures="0">
  <properties>
[...]
</properties>
  <testcase name="testandoCPFInvalido" classname="com.teste.TesteUnitario.TesteUnitarioApplicationTests" time="0.542">
    <error message="Unresolved compilation problem: &#10;	The method assertEquals(boolean, boolean) is undefined for the type TesteUnitarioApplicationTests&#10;" type="java.lang.Error">java.lang.Error: 
Unresolved compilation problem: 
	The method assertEquals(boolean, boolean) is undefined for the type TesteUnitarioApplicationTests

	at com.teste.TesteUnitario.TesteUnitarioApplicationTests.testandoCPFInvalido(TesteUnitarioApplicationTests.java:18)
</error>
    <system-out><![CDATA[23:30:28.285 [main] DEBUG org.springframework.test.context.BootstrapUtils - Instantiating CacheAwareContextLoaderDelegate from class [org.springframework.test.context.cache.DefaultCacheAwareContextLoaderDelegate]
23:30:28.298 [main] DEBUG org.springframework.test.context.BootstrapUtils - Instantiating BootstrapContext using constructor [public org.springframework.test.context.support.DefaultBootstrapContext(java.lang.Class,org.springframework.test.context.CacheAwareContextLoaderDelegate)]
23:30:28.341 [main] DEBUG org.springframework.test.context.BootstrapUtils - Instantiating TestContextBootstrapper for test class [com.teste.TesteUnitario.TesteUnitarioApplicationTests] from class [org.springframework.boot.test.context.SpringBootTestContextBootstrapper]
23:30:28.360 [main] INFO org.springframework.boot.test.context.SpringBootTestContextBootstrapper - Neither @ContextConfiguration nor @ContextHierarchy found for test class [com.teste.TesteUnitario.TesteUnitarioApplicationTests], using SpringBootContextLoader
23:30:28.364 [main] DEBUG org.springframework.test.context.support.AbstractContextLoader - Did not detect default resource location for test class [com.teste.TesteUnitario.TesteUnitarioApplicationTests]: class path resource [com/teste/TesteUnitario/TesteUnitarioApplicationTests-context.xml] does not exist
23:30:28.365 [main] DEBUG org.springframework.test.context.support.AbstractContextLoader - Did not detect default resource location for test class [com.teste.TesteUnitario.TesteUnitarioApplicationTests]: class path resource [com/teste/TesteUnitario/TesteUnitarioApplicationTestsContext.groovy] does not exist
23:30:28.365 [main] INFO org.springframework.test.context.support.AbstractContextLoader - Could not detect default resource locations for test class [com.teste.TesteUnitario.TesteUnitarioApplicationTests]: no resource found for suffixes {-context.xml, Context.groovy}.
23:30:28.367 [main] INFO org.springframework.test.context.support.AnnotationConfigContextLoaderUtils - Could not detect default configuration classes for test class [com.teste.TesteUnitario.TesteUnitarioApplicationTests]: TesteUnitarioApplicationTests does not declare any static, non-private, non-final, nested classes annotated with @Configuration.
23:30:28.431 [main] DEBUG org.springframework.test.context.support.ActiveProfilesUtils - Could not find an 'annotation declaring class' for annotation type [org.springframework.test.context.ActiveProfiles] and class [com.teste.TesteUnitario.TesteUnitarioApplicationTests]
23:30:28.508 [main] DEBUG org.springframework.context.annotation.ClassPathScanningCandidateComponentProvider - Identified candidate component class: file [C:\Users\ritha\OneDrive\Documentos\wando\Gitclones\primeira-pipeline\target\classes\com\teste\TesteUnitario\TesteUnitarioApplication.class]
23:30:28.514 [main] INFO org.springframework.boot.test.context.SpringBootTestContextBootstrapper - Found @SpringBootConfiguration com.teste.TesteUnitario.TesteUnitarioApplication for test class com.teste.TesteUnitario.TesteUnitarioApplicationTests
23:30:28.659 [main] DEBUG org.springframework.boot.test.context.SpringBootTestContextBootstrapper - @TestExecutionListeners is not present for class [com.teste.TesteUnitario.TesteUnitarioApplicationTests]: using defaults.
23:30:28.660 [main] INFO org.springframework.boot.test.context.SpringBootTestContextBootstrapper - Loaded default TestExecutionListener class names from location [META-INF/spring.factories]: [org.springframework.boot.test.mock.mockito.MockitoTestExecutionListener, org.springframework.boot.test.mock.mockito.ResetMocksTestExecutionListener, org.springframework.boot.test.autoconfigure.restdocs.RestDocsTestExecutionListener, org.springframework.boot.test.autoconfigure.web.client.MockRestServiceServerResetTestExecutionListener, org.springframework.boot.test.autoconfigure.web.servlet.MockMvcPrintOnlyOnFailureTestExecutionListener, org.springframework.boot.test.autoconfigure.web.servlet.WebDriverTestExecutionListener, org.springframework.boot.test.autoconfigure.webservices.client.MockWebServiceServerTestExecutionListener, org.springframework.test.context.web.ServletTestExecutionListener, org.springframework.test.context.support.DirtiesContextBeforeModesTestExecutionListener, org.springframework.test.context.event.ApplicationEventsTestExecutionListener, org.springframework.test.context.support.DependencyInjectionTestExecutionListener, org.springframework.test.context.support.DirtiesContextTestExecutionListener, org.springframework.test.context.transaction.TransactionalTestExecutionListener, org.springframework.test.context.jdbc.SqlScriptsTestExecutionListener, org.springframework.test.context.event.EventPublishingTestExecutionListener]
23:30:28.672 [main] DEBUG org.springframework.boot.test.context.SpringBootTestContextBootstrapper - Skipping candidate TestExecutionListener [org.springframework.test.context.web.ServletTestExecutionListener] due to a missing dependency. Specify custom listener classes or make the default listener classes and their required dependencies available. Offending class: [javax/servlet/ServletContext]
23:30:28.675 [main] DEBUG org.springframework.boot.test.context.SpringBootTestContextBootstrapper - Skipping candidate TestExecutionListener [org.springframework.test.context.transaction.TransactionalTestExecutionListener] due to a missing dependency. Specify custom listener classes or make the default listener classes and their required dependencies available. Offending class: [org/springframework/transaction/interceptor/TransactionAttributeSource]
23:30:28.676 [main] DEBUG org.springframework.boot.test.context.SpringBootTestContextBootstrapper - Skipping candidate TestExecutionListener [org.springframework.test.context.jdbc.SqlScriptsTestExecutionListener] due to a missing dependency. Specify custom listener classes or make the default listener classes and their required dependencies available. Offending class: [org/springframework/transaction/interceptor/TransactionAttribute]
23:30:28.677 [main] INFO org.springframework.boot.test.context.SpringBootTestContextBootstrapper - Using TestExecutionListeners: [org.springframework.test.context.support.DirtiesContextBeforeModesTestExecutionListener@39d9314d, org.springframework.test.context.event.ApplicationEventsTestExecutionListener@b978d10, org.springframework.boot.test.mock.mockito.MockitoTestExecutionListener@5b7a8434, org.springframework.boot.test.autoconfigure.SpringBootDependencyInjectionTestExecutionListener@5c45d770, org.springframework.test.context.support.DirtiesContextTestExecutionListener@2ce6c6ec, org.springframework.test.context.event.EventPublishingTestExecutionListener@1bae316d, org.springframework.boot.test.mock.mockito.ResetMocksTestExecutionListener@147a5d08, org.springframework.boot.test.autoconfigure.restdocs.RestDocsTestExecutionListener@6676f6a0, org.springframework.boot.test.autoconfigure.web.client.MockRestServiceServerResetTestExecutionListener@7cbd9d24, org.springframework.boot.test.autoconfigure.web.servlet.MockMvcPrintOnlyOnFailureTestExecutionListener@1672fe87, org.springframework.boot.test.autoconfigure.web.servlet.WebDriverTestExecutionListener@5026735c, org.springframework.boot.test.autoconfigure.webservices.client.MockWebServiceServerTestExecutionListener@1b45c0e]
23:30:28.682 [main] DEBUG org.springframework.test.context.support.AbstractDirtiesContextTestExecutionListener - Before test class: context [DefaultTestContext@352c1b98 testClass = TesteUnitarioApplicationTests, testInstance = [null], testMethod = [null], testException = [null], mergedContextConfiguration = [MergedContextConfiguration@21129f1f testClass = TesteUnitarioApplicationTests, locations = '{}', classes = '{class com.teste.TesteUnitario.TesteUnitarioApplication}', contextInitializerClasses = '[]', activeProfiles = '{}', propertySourceLocations = '{}', propertySourceProperties = '{org.springframework.boot.test.context.SpringBootTestContextBootstrapper=true}', contextCustomizers = set[org.springframework.boot.test.context.filter.ExcludeFilterContextCustomizer@55b53d44, org.springframework.boot.test.json.DuplicateJsonObjectContextCustomizerFactory$DuplicateJsonObjectContextCustomizer@865dd6, org.springframework.boot.test.mock.mockito.MockitoContextCustomizer@0, org.springframework.boot.test.web.client.TestRestTemplateContextCustomizer@59af0466, org.springframework.boot.test.autoconfigure.actuate.metrics.MetricsExportContextCustomizerFactory$DisableMetricExportContextCustomizer@378542de, org.springframework.boot.test.autoconfigure.properties.PropertyMappingContextCustomizer@0, org.springframework.boot.test.autoconfigure.web.servlet.WebDriverContextCustomizerFactory$Customizer@4e096385, org.springframework.boot.test.context.SpringBootTestArgs@1, org.springframework.boot.test.context.SpringBootTestWebEnvironment@1c3a4799], contextLoader = 'org.springframework.boot.test.context.SpringBootContextLoader', parent = [null]], attributes = map[[empty]]], class annotated with @DirtiesContext [false] with mode [null].
23:30:28.700 [main] DEBUG org.springframework.test.context.support.DependencyInjectionTestExecutionListener - Performing dependency injection for test context [[DefaultTestContext@352c1b98 testClass = TesteUnitarioApplicationTests, testInstance = com.teste.TesteUnitario.TesteUnitarioApplicationTests@14bee915, testMethod = [null], testException = [null], mergedContextConfiguration = [MergedContextConfiguration@21129f1f testClass = TesteUnitarioApplicationTests, locations = '{}', classes = '{class com.teste.TesteUnitario.TesteUnitarioApplication}', contextInitializerClasses = '[]', activeProfiles = '{}', propertySourceLocations = '{}', propertySourceProperties = '{org.springframework.boot.test.context.SpringBootTestContextBootstrapper=true}', contextCustomizers = set[org.springframework.boot.test.context.filter.ExcludeFilterContextCustomizer@55b53d44, org.springframework.boot.test.json.DuplicateJsonObjectContextCustomizerFactory$DuplicateJsonObjectContextCustomizer@865dd6, org.springframework.boot.test.mock.mockito.MockitoContextCustomizer@0, org.springframework.boot.test.web.client.TestRestTemplateContextCustomizer@59af0466, org.springframework.boot.test.autoconfigure.actuate.metrics.MetricsExportContextCustomizerFactory$DisableMetricExportContextCustomizer@378542de, org.springframework.boot.test.autoconfigure.properties.PropertyMappingContextCustomizer@0, org.springframework.boot.test.autoconfigure.web.servlet.WebDriverContextCustomizerFactory$Customizer@4e096385, org.springframework.boot.test.context.SpringBootTestArgs@1, org.springframework.boot.test.context.SpringBootTestWebEnvironment@1c3a4799], contextLoader = 'org.springframework.boot.test.context.SpringBootContextLoader', parent = [null]], attributes = map['org.springframework.test.context.event.ApplicationEventsTestExecutionListener.recordApplicationEvents' -> false]]].

  .   ____          _            __ _ _
 /\\ / ___'_ __ _ _(_)_ __  __ _ \ \ \ \
( ( )\___ | '_ | '_| | '_ \/ _` | \ \ \ \
 \\/  ___)| |_)| | | | | || (_| |  ) ) ) )
  '  |____| .__|_| |_|_| |_\__, | / / / /
 =========|_|==============|___/=/_/_/_/
 :: Spring Boot ::                (v2.7.3)

2022-08-31 23:30:29.062  INFO 8956 --- [           main] c.t.T.TesteUnitarioApplicationTests      : Starting TesteUnitarioApplicationTests using Java 18.0.2 on LAPTOP-TINF2EI5 with PID 8956 (started by ritha in C:\Users\ritha\OneDrive\Documentos\wando\Gitclones\primeira-pipeline)
2022-08-31 23:30:29.063  INFO 8956 --- [           main] c.t.T.TesteUnitarioApplicationTests      : No active profile set, falling back to 1 default profile: "default"
2022-08-31 23:30:29.693  INFO 8956 --- [           main] c.t.T.TesteUnitarioApplicationTests      : Started TesteUnitarioApplicationTests in 0.949 seconds (JVM running for 2.09)
]]></system-out>
  </testcase>
  <testcase name="testandoCPFValido" classname="com.teste.TesteUnitario.TesteUnitarioApplicationTests" time="0.005">
    <error message="Unresolved compilation problem: &#10;	The method assertEquals(boolean, boolean) is undefined for the type TesteUnitarioApplicationTests&#10;" type="java.lang.Error">java.lang.Error: 
Unresolved compilation problem: 
	The method assertEquals(boolean, boolean) is undefined for the type TesteUnitarioApplicationTests

	at com.teste.TesteUnitario.TesteUnitarioApplicationTests.testandoCPFValido(TesteUnitarioApplicationTests.java:12)
</error>
  </testcase>
</testsuite>